Using pre-set license
Built from '2022.3/staging' branch; Version is '2022.3.2f1 (d74737c6db50) revision 14108471'; Using compiler version '192829333'; Build Type 'Release'
OS: 'Windows 10  (10.0.19045) 64bit Professional' Language: 'ru' Physical Memory: 16315 MB
BatchMode: 1, IsHumanControllingUs: 0, StartBugReporterOnCrash: 0, Is64bit: 1, IsPro: 1

COMMAND LINE ARGUMENTS:
C:\Program Files\Unity\Hub\Editor\2022.3.2f1\Editor\Unity.exe
-adb2
-batchMode
-noUpm
-name
AssetImportWorker4
-projectPath
D:/Novgorod/Novgorod/Novgorod
-logFile
Logs/AssetImportWorker4.log
-srvPort
56709
Successfully changed project path to: D:/Novgorod/Novgorod/Novgorod
D:/Novgorod/Novgorod/Novgorod
[UnityMemory] Configuration Parameters - Can be set up in boot.config
    "memorysetup-bucket-allocator-granularity=16"
    "memorysetup-bucket-allocator-bucket-count=8"
    "memorysetup-bucket-allocator-block-size=33554432"
    "memorysetup-bucket-allocator-block-count=8"
    "memorysetup-main-allocator-block-size=16777216"
    "memorysetup-thread-allocator-block-size=16777216"
    "memorysetup-gfx-main-allocator-block-size=16777216"
    "memorysetup-gfx-thread-allocator-block-size=16777216"
    "memorysetup-cache-allocator-block-size=4194304"
    "memorysetup-typetree-allocator-block-size=2097152"
    "memorysetup-profiler-bucket-allocator-granularity=16"
    "memorysetup-profiler-bucket-allocator-bucket-count=8"
    "memorysetup-profiler-bucket-allocator-block-size=33554432"
    "memorysetup-profiler-bucket-allocator-block-count=8"
    "memorysetup-profiler-allocator-block-size=16777216"
    "memorysetup-profiler-editor-allocator-block-size=1048576"
    "memorysetup-temp-allocator-size-main=16777216"
    "memorysetup-job-temp-allocator-block-size=2097152"
    "memorysetup-job-temp-allocator-block-size-background=1048576"
    "memorysetup-job-temp-allocator-reduction-small-platforms=262144"
    "memorysetup-allocator-temp-initial-block-size-main=262144"
    "memorysetup-allocator-temp-initial-block-size-worker=262144"
    "memorysetup-temp-allocator-size-background-worker=32768"
    "memorysetup-temp-allocator-size-job-worker=262144"
    "memorysetup-temp-allocator-size-preload-manager=33554432"
    "memorysetup-temp-allocator-size-nav-mesh-worker=65536"
    "memorysetup-temp-allocator-size-audio-worker=65536"
    "memorysetup-temp-allocator-size-cloud-worker=32768"
    "memorysetup-temp-allocator-size-gi-baking-worker=262144"
    "memorysetup-temp-allocator-size-gfx=262144"
Player connection [16372] Host "[IP] 192.168.104.151 [Port] 0 [Flags] 2 [Guid] 2975865022 [EditorId] 2975865022 [Version] 1048832 [Id] WindowsEditor(7,VR-11) [Debug] 1 [PackageName] WindowsEditor [ProjectName] Editor" joined multi-casting on [225.0.0.222:54997]...

Player connection [16372] Host "[IP] 192.168.104.151 [Port] 0 [Flags] 2 [Guid] 2975865022 [EditorId] 2975865022 [Version] 1048832 [Id] WindowsEditor(7,VR-11) [Debug] 1 [PackageName] WindowsEditor [ProjectName] Editor" joined alternative multi-casting on [225.0.0.222:34997]...

Refreshing native plugins compatible for Editor in 14.74 ms, found 9 plugins.
Preloading 0 native plugins for Editor in 0.00 ms.
Initialize engine version: 2022.3.2f1 (d74737c6db50)
[Subsystems] Discovering subsystems at path C:/Program Files/Unity/Hub/Editor/2022.3.2f1/Editor/Data/Resources/UnitySubsystems
[Subsystems] Discovering subsystems at path D:/Novgorod/Novgorod/Novgorod/Assets
GfxDevice: creating device client; threaded=0; jobified=0
Direct3D:
    Version:  Direct3D 11.0 [level 11.1]
    Renderer: NVIDIA GeForce RTX 2060 (ID=0x1e89)
    Vendor:   NVIDIA
    VRAM:     5958 MB
    Driver:   31.0.15.3623
Initialize mono
Mono path[0] = 'C:/Program Files/Unity/Hub/Editor/2022.3.2f1/Editor/Data/Managed'
Mono path[1] = 'C:/Program Files/Unity/Hub/Editor/2022.3.2f1/Editor/Data/MonoBleedingEdge/lib/mono/unityjit-win32'
Mono config path = 'C:/Program Files/Unity/Hub/Editor/2022.3.2f1/Editor/Data/MonoBleedingEdge/etc'
Using monoOptions --debugger-agent=transport=dt_socket,embedding=1,server=y,suspend=n,address=127.0.0.1:56368
Begin MonoManager ReloadAssembly
Registering precompiled unity dll's ...
Register platform support module: C:/Program Files/Unity/Hub/Editor/2022.3.2f1/Editor/Data/PlaybackEngines/WindowsStandaloneSupport/UnityEditor.WindowsStandalone.Extensions.dll
Registered in 0.010340 seconds.
- Loaded All Assemblies, in  0.354 seconds
Native extension for WindowsStandalone target not found
Mono: successfully reloaded assembly
- Finished resetting the current domain, in  0.280 seconds
Domain Reload Profiling: 632ms
	BeginReloadAssembly (95ms)
		ExecutionOrderSort (0ms)
		DisableScriptedObjects (0ms)
		BackupInstance (0ms)
		ReleaseScriptingObjects (0ms)
		CreateAndSetChildDomain (1ms)
	RebuildCommonClasses (38ms)
	RebuildNativeTypeToScriptingClass (12ms)
	initialDomainReloadingComplete (68ms)
	LoadAllAssembliesAndSetupDomain (139ms)
		LoadAssemblies (92ms)
		RebuildTransferFunctionScriptingTraits (0ms)
		AnalyzeDomain (132ms)
			TypeCache.Refresh (131ms)
				TypeCache.ScanAssembly (120ms)
			ScanForSourceGeneratedMonoScriptInfo (0ms)
			ResolveRequiredComponents (0ms)
	FinalizeReload (280ms)
		ReleaseScriptCaches (0ms)
		RebuildScriptCaches (0ms)
		SetupLoadedEditorAssemblies (220ms)
			LogAssemblyErrors (0ms)
			InitializePlatformSupportModulesInManaged (11ms)
			SetLoadedEditorAssemblies (8ms)
			RefreshPlugins (0ms)
			BeforeProcessingInitializeOnLoad (2ms)
			ProcessInitializeOnLoadAttributes (147ms)
			ProcessInitializeOnLoadMethodAttributes (51ms)
			AfterProcessingInitializeOnLoad (0ms)
			EditorAssembliesLoaded (0ms)
		ExecutionOrderSort2 (0ms)
		AwakeInstancesAfterBackupRestoration (0ms)
========================================================================
Worker process is ready to serve import requests
Begin MonoManager ReloadAssembly
- Loaded All Assemblies, in  0.783 seconds
Refreshing native plugins compatible for Editor in 6.99 ms, found 9 plugins.
Native extension for WindowsStandalone target not found
Package Manager log level set to [2]
[Package Manager] Server::EnsureServerProcessIsRunning -- launch failed, reason: Unity was launched with the -noUpm command-line argument
[Package Manager] UpmClient::Send -- Unable to send message (not connected to UPM process).
[Package Manager] Cannot connect to Unity Package Manager local server
Mono: successfully reloaded assembly
[Package Manager] Server::EnsureServerProcessIsRunning -- launch failed, reason: Unity was launched with the -noUpm command-line argument
[Package Manager] UpmClient::Send -- Unable to send message (not connected to UPM process).
[Package Manager] Cannot connect to Unity Package Manager local server
[Package Manager] Server::EnsureServerProcessIsRunning -- launch failed, reason: Unity was launched with the -noUpm command-line argument
[Package Manager] UpmClient::Send -- Unable to send message (not connected to UPM process).
[Package Manager] Cannot connect to Unity Package Manager local server
- Finished resetting the current domain, in  0.656 seconds
Domain Reload Profiling: 1437ms
	BeginReloadAssembly (138ms)
		ExecutionOrderSort (0ms)
		DisableScriptedObjects (6ms)
		BackupInstance (0ms)
		ReleaseScriptingObjects (0ms)
		CreateAndSetChildDomain (19ms)
	RebuildCommonClasses (38ms)
	RebuildNativeTypeToScriptingClass (12ms)
	initialDomainReloadingComplete (49ms)
	LoadAllAssembliesAndSetupDomain (544ms)
		LoadAssemblies (275ms)
		RebuildTransferFunctionScriptingTraits (0ms)
		AnalyzeDomain (336ms)
			TypeCache.Refresh (305ms)
				TypeCache.ScanAssembly (290ms)
			ScanForSourceGeneratedMonoScriptInfo (24ms)
			ResolveRequiredComponents (7ms)
	FinalizeReload (656ms)
		ReleaseScriptCaches (0ms)
		RebuildScriptCaches (0ms)
		SetupLoadedEditorAssemblies (483ms)
			LogAssemblyErrors (0ms)
			InitializePlatformSupportModulesInManaged (7ms)
			SetLoadedEditorAssemblies (5ms)
			RefreshPlugins (0ms)
			BeforeProcessingInitializeOnLoad (81ms)
			ProcessInitializeOnLoadAttributes (332ms)
			ProcessInitializeOnLoadMethodAttributes (49ms)
			AfterProcessingInitializeOnLoad (10ms)
			EditorAssembliesLoaded (0ms)
		ExecutionOrderSort2 (0ms)
		AwakeInstancesAfterBackupRestoration (7ms)
Launched and connected shader compiler UnityShaderCompiler.exe after 0.05 seconds
Refreshing native plugins compatible for Editor in 7.42 ms, found 9 plugins.
Preloading 0 native plugins for Editor in 0.00 ms.
Unloading 4422 Unused Serialized files (Serialized files now loaded: 0)
Unloading 82 unused Assets / (1.3 MB). Loaded Objects now: 4865.
Memory consumption went from 157.5 MB to 156.2 MB.
Total: 4.510000 ms (FindLiveObjects: 0.459800 ms CreateObjectMapping: 0.123500 ms MarkObjects: 3.534600 ms  DeleteObjects: 0.390900 ms)

AssetImportParameters requested are different than current active one (requested -> active):
  custom:container-demuxer-ogg: 62fdf1f143b41e24485cea50d1cbac27 -> 
  custom:video-codec-MediaFoundation-h265: 746d11721c4dcdbdad8f713fa42b33f4 -> 
  custom:video-decoder-ogg-theora: a1e56fd34408186e4bbccfd4996cb3dc -> 
  custom:framework-win-MediaFoundation: 216162199b28c13a410421893ffa2e32 -> 
  custom:container-demuxer-webm: 4f35f7cbe854078d1ac9338744f61a02 -> 
  custom:container-muxer-webm: aa71ff27fc2769a1b78a27578f13a17b -> 
  custom:video-decoder-webm-vp8: 9c59270c3fd7afecdb556c50c9e8de78 -> 
  custom:SearchIndexIgnoredProperties: e643bd26f0fe6173181afceb89e7c659 -> 
  custom:AudioImporter_EditorPlatform: d09bf68614088b80899f8185d706f6e7 -> 
  custom:video-encoder-webm-vp8: eb34c28f22e8b96e1ab97ce403110664 -> 
  custom:audio-decoder-ogg-vorbis: bf7c407c2cedff20999df2af8eb42d56 -> 
  custom:audio-encoder-webm-vorbis: bf7c407c2cedff20999df2af8eb42d56 -> 
========================================================================
Received Import Request.
  Time since last request: 67356.346916 seconds.
  path: Assets/Skybox/New Material.mat
  artifactKey: Guid(70ce2c1f92bb69c42b31d7e81ee46903) Importer(815301076,1909f56bfc062723c751e8b465ee728b)
Start importing Assets/Skybox/New Material.mat using Guid(70ce2c1f92bb69c42b31d7e81ee46903) Importer(815301076,1909f56bfc062723c751e8b465ee728b)  -> (artifact id: 'e634c27f46df88b9e189f0ce4020c471') in 0.112392 seconds
Number of updated asset objects reloaded before import = 0
Number of asset objects unloaded after import = 1
========================================================================
Received Import Request.
  Time since last request: 857.101836 seconds.
  path: Assets/Skybox
  artifactKey: Guid(47bc977a6c3f75042826c8c0c4464f7b) Importer(815301076,1909f56bfc062723c751e8b465ee728b)
Start importing Assets/Skybox using Guid(47bc977a6c3f75042826c8c0c4464f7b) Importer(815301076,1909f56bfc062723c751e8b465ee728b)  -> (artifact id: '23575a13670f62d7c0d697ea3b2b3524') in 0.000516 seconds
Number of updated asset objects reloaded before import = 0
Number of asset objects unloaded after import = 0
========================================================================
Received Import Request.
  Time since last request: 332.436254 seconds.
  path: Assets/Skybox/New Material.mat
  artifactKey: Guid(70ce2c1f92bb69c42b31d7e81ee46903) Importer(815301076,1909f56bfc062723c751e8b465ee728b)
Start importing Assets/Skybox/New Material.mat using Guid(70ce2c1f92bb69c42b31d7e81ee46903) Importer(815301076,1909f56bfc062723c751e8b465ee728b)  -> (artifact id: '4cb97d5e31fde2fa1f14b961e3f50a00') in 0.098508 seconds
Number of updated asset objects reloaded before import = 0
Number of asset objects unloaded after import = 1
========================================================================
Received Import Request.
  Time since last request: 131.530290 seconds.
  path: Assets/AllSkyFree
  artifactKey: Guid(088c0652c884ebf4a87e31f12bf256f6) Importer(815301076,1909f56bfc062723c751e8b465ee728b)
Start importing Assets/AllSkyFree using Guid(088c0652c884ebf4a87e31f12bf256f6) Importer(815301076,1909f56bfc062723c751e8b465ee728b)  -> (artifact id: '1dd26e6847945cb340413fca47744451') in 0.000494 seconds
Number of updated asset objects reloaded before import = 0
Number of asset objects unloaded after import = 0
========================================================================
Received Import Request.
  Time since last request: 2.174506 seconds.
  path: Assets/AllSkyFree/_AllSkyFreeDemoEnvironment
  artifactKey: Guid(4392334f044e44affbf9f5162eb718ae) Importer(815301076,1909f56bfc062723c751e8b465ee728b)
Start importing Assets/AllSkyFree/_AllSkyFreeDemoEnvironment using Guid(4392334f044e44affbf9f5162eb718ae) Importer(815301076,1909f56bfc062723c751e8b465ee728b)  -> (artifact id: 'd21fba50113182dae1647a07a3cdfe07') in 0.000423 seconds
Number of updated asset objects reloaded before import = 0
Number of asset objects unloaded after import = 0
========================================================================
Received Import Request.
  Time since last request: 0.657644 seconds.
  path: Assets/AllSkyFree/_AllSkyFreeDemoEnvironment/AdditiveSprite.mat
  artifactKey: Guid(55c04ce684cb542debc357409498bc4e) Importer(815301076,1909f56bfc062723c751e8b465ee728b)
Start importing Assets/AllSkyFree/_AllSkyFreeDemoEnvironment/AdditiveSprite.mat using Guid(55c04ce684cb542debc357409498bc4e) Importer(815301076,1909f56bfc062723c751e8b465ee728b)  -> (artifact id: '52ec8774d5e69e448ac64e90f685a378') in 0.044916 seconds
Number of updated asset objects reloaded before import = 0
Number of asset objects unloaded after import = 1
========================================================================
Received Import Request.
  Time since last request: 0.000025 seconds.
  path: Assets/AllSkyFree/_AllSkyFreeDemoEnvironment/AllSky_DemoEnvironment_Light.fbx
  artifactKey: Guid(d9ad0f74d68824711bc800186cf63d22) Importer(815301076,1909f56bfc062723c751e8b465ee728b)
Start importing Assets/AllSkyFree/_AllSkyFreeDemoEnvironment/AllSky_DemoEnvironment_Light.fbx using Guid(d9ad0f74d68824711bc800186cf63d22) Importer(815301076,1909f56bfc062723c751e8b465ee728b)  -> (artifact id: 'fd26e98738a3bfe330ce5465489c0152') in 0.056837 seconds
Number of updated asset objects reloaded before import = 0
Number of asset objects unloaded after import = 9
========================================================================
Received Import Request.
  Time since last request: 0.000027 seconds.
  path: Assets/AllSkyFree/_AllSkyFreeDemoEnvironment/AllSkyFreeDemoEnvironment.prefab
  artifactKey: Guid(e2402d4ef4fe747ae9ad59bdccad4556) Importer(815301076,1909f56bfc062723c751e8b465ee728b)
Start importing Assets/AllSkyFree/_AllSkyFreeDemoEnvironment/AllSkyFreeDemoEnvironment.prefab using Guid(e2402d4ef4fe747ae9ad59bdccad4556) Importer(815301076,1909f56bfc062723c751e8b465ee728b)  -> (artifact id: 'f60d3344e983ae605f01b1d9ade4e940') in 0.414168 seconds
Number of updated asset objects reloaded before import = 0
Number of asset objects unloaded after import = 119
========================================================================
Received Import Request.
  Time since last request: 20.318282 seconds.
  path: Assets/AllSkyFree/Cold Night
  artifactKey: Guid(5002a90c1ac5742af853cc504426d653) Importer(815301076,1909f56bfc062723c751e8b465ee728b)
Start importing Assets/AllSkyFree/Cold Night using Guid(5002a90c1ac5742af853cc504426d653) Importer(815301076,1909f56bfc062723c751e8b465ee728b)  -> (artifact id: '52a27cf9cb2b8cb6cf58727b4c4fef64') in 0.000500 seconds
Number of updated asset objects reloaded before import = 0
Number of asset objects unloaded after import = 0
========================================================================
Received Import Request.
  Time since last request: 0.039144 seconds.
  path: Assets/AllSkyFree/Cold Night/Cold Night.mat
  artifactKey: Guid(9af23ba5fa5364ff598888460e0e2759) Importer(815301076,1909f56bfc062723c751e8b465ee728b)
Start importing Assets/AllSkyFree/Cold Night/Cold Night.mat using Guid(9af23ba5fa5364ff598888460e0e2759) Importer(815301076,1909f56bfc062723c751e8b465ee728b)  -> (artifact id: '35af75b073024d69e095b06ac6a13113') in 0.264854 seconds
Number of updated asset objects reloaded before import = 0
Number of asset objects unloaded after import = 7
========================================================================
Received Import Request.
  Time since last request: 0.000029 seconds.
  path: Assets/AllSkyFree/Cold Night/Cold Night__Cam_2_Left+X.png
  artifactKey: Guid(3aa922ca8577f4f66b8810ab41310933) Importer(815301076,1909f56bfc062723c751e8b465ee728b)
Start importing Assets/AllSkyFree/Cold Night/Cold Night__Cam_2_Left+X.png using Guid(3aa922ca8577f4f66b8810ab41310933) Importer(815301076,1909f56bfc062723c751e8b465ee728b)  -> (artifact id: 'cf4c9dbbb7128275b630bc49ea98b739') in 0.024488 seconds
Number of updated asset objects reloaded before import = 0
Number of asset objects unloaded after import = 2
========================================================================
Received Import Request.
  Time since last request: 70.611571 seconds.
  path: Assets/AllSkyFree/Cartoon Base BlueSky
  artifactKey: Guid(9f633969e0c5e4bfeba8bb43b5348d81) Importer(815301076,1909f56bfc062723c751e8b465ee728b)
Start importing Assets/AllSkyFree/Cartoon Base BlueSky using Guid(9f633969e0c5e4bfeba8bb43b5348d81) Importer(815301076,1909f56bfc062723c751e8b465ee728b)  -> (artifact id: 'c22c9faf1b57b3ea4b010cd0b61d66a2') in 0.000521 seconds
Number of updated asset objects reloaded before import = 0
Number of asset objects unloaded after import = 0
========================================================================
Received Import Request.
  Time since last request: 0.040097 seconds.
  path: Assets/AllSkyFree/Cartoon Base BlueSky/Day_BlueSky_Nothing.mat
  artifactKey: Guid(c56e28e54cac24b04ae3dd957d214534) Importer(815301076,1909f56bfc062723c751e8b465ee728b)
Start importing Assets/AllSkyFree/Cartoon Base BlueSky/Day_BlueSky_Nothing.mat using Guid(c56e28e54cac24b04ae3dd957d214534) Importer(815301076,1909f56bfc062723c751e8b465ee728b)  -> (artifact id: 'ddf0306bca8406f56cda764bf5841d55') in 0.023483 seconds
Number of updated asset objects reloaded before import = 0
Number of asset objects unloaded after import = 7
========================================================================
Received Import Request.
  Time since last request: 0.000026 seconds.
  path: Assets/AllSkyFree/Cartoon Base BlueSky/Sky_Day_BlueSky_Nothing_Cam_1_Back-Z.png
  artifactKey: Guid(33cbefefe2c7f4e77ac959c74eef5d4d) Importer(815301076,1909f56bfc062723c751e8b465ee728b)
Start importing Assets/AllSkyFree/Cartoon Base BlueSky/Sky_Day_BlueSky_Nothing_Cam_1_Back-Z.png using Guid(33cbefefe2c7f4e77ac959c74eef5d4d) Importer(815301076,1909f56bfc062723c751e8b465ee728b)  -> (artifact id: '375c91052e5e41bb16650f17bbf56d16') in 0.033286 seconds
Number of updated asset objects reloaded before import = 0
Number of asset objects unloaded after import = 2
========================================================================
Received Import Request.
  Time since last request: 0.000022 seconds.
  path: Assets/AllSkyFree/Cartoon Base BlueSky/Sky_Day_BlueSky_Nothing_Cam_5_Down-Y.png
  artifactKey: Guid(4c119b81b42684c39873d7738564bcdd) Importer(815301076,1909f56bfc062723c751e8b465ee728b)
Start importing Assets/AllSkyFree/Cartoon Base BlueSky/Sky_Day_BlueSky_Nothing_Cam_5_Down-Y.png using Guid(4c119b81b42684c39873d7738564bcdd) Importer(815301076,1909f56bfc062723c751e8b465ee728b)  -> (artifact id: '0ec5f580e76e567b069201032bea9b1a') in 0.019031 seconds
Number of updated asset objects reloaded before import = 0
Number of asset objects unloaded after import = 2
========================================================================
Received Import Request.
  Time since last request: 0.000099 seconds.
  path: Assets/AllSkyFree/Cartoon Base BlueSky/Sky_Day_BlueSky_Nothing_Cam_0_Front+Z.png
  artifactKey: Guid(d731d71c2b8e94c18b5ef8be277e6773) Importer(815301076,1909f56bfc062723c751e8b465ee728b)
Start importing Assets/AllSkyFree/Cartoon Base BlueSky/Sky_Day_BlueSky_Nothing_Cam_0_Front+Z.png using Guid(d731d71c2b8e94c18b5ef8be277e6773) Importer(815301076,1909f56bfc062723c751e8b465ee728b)  -> (artifact id: 'bb035a8aa95832a08d77798480db03d6') in 0.014555 seconds
Number of updated asset objects reloaded before import = 0
Number of asset objects unloaded after import = 2
========================================================================
Received Import Request.
  Time since last request: 0.000026 seconds.
  path: Assets/AllSkyFree/Cartoon Base BlueSky/Sky_Day_BlueSky_Nothing_Cam_4_Up+Y.png
  artifactKey: Guid(5cf2d5ca2357a4d4fb98ebc5b6034e72) Importer(815301076,1909f56bfc062723c751e8b465ee728b)
Start importing Assets/AllSkyFree/Cartoon Base BlueSky/Sky_Day_BlueSky_Nothing_Cam_4_Up+Y.png using Guid(5cf2d5ca2357a4d4fb98ebc5b6034e72) Importer(815301076,1909f56bfc062723c751e8b465ee728b)  -> (artifact id: 'd3ddceb265bc15e704425b13b0512667') in 0.021316 seconds
Number of updated asset objects reloaded before import = 0
Number of asset objects unloaded after import = 2
========================================================================
Received Import Request.
  Time since last request: 0.000032 seconds.
  path: Assets/AllSkyFree/Cartoon Base BlueSky/Sky_Day_BlueSky_Nothing_Cam_2_Left+X.png
  artifactKey: Guid(6b8f010ba933d4f01bdedec2c1a8a025) Importer(815301076,1909f56bfc062723c751e8b465ee728b)
Start importing Assets/AllSkyFree/Cartoon Base BlueSky/Sky_Day_BlueSky_Nothing_Cam_2_Left+X.png using Guid(6b8f010ba933d4f01bdedec2c1a8a025) Importer(815301076,1909f56bfc062723c751e8b465ee728b)  -> (artifact id: 'deeb6049297d4ffac768218b9bf23c68') in 0.028832 seconds
Number of updated asset objects reloaded before import = 0
Number of asset objects unloaded after import = 2
========================================================================
Received Import Request.
  Time since last request: 12.768357 seconds.
  path: Assets/AllSkyFree/Cartoon Base BlueSky/Day_BlueSky_Nothing.unity
  artifactKey: Guid(c227f157df13b418c8ebb9e0b483e121) Importer(815301076,1909f56bfc062723c751e8b465ee728b)
Start importing Assets/AllSkyFree/Cartoon Base BlueSky/Day_BlueSky_Nothing.unity using Guid(c227f157df13b418c8ebb9e0b483e121) Importer(815301076,1909f56bfc062723c751e8b465ee728b)  -> (artifact id: 'b7baa05bd918249cbc52a1dffabfa643') in 0.000500 seconds
Number of updated asset objects reloaded before import = 0
Number of asset objects unloaded after import = 0
========================================================================
Received Import Request.
  Time since last request: 10.784846 seconds.
  path: Assets/AllSkyFree/Cartoon Base BlueSky/Day_BlueSky_NothingSettings.lighting
  artifactKey: Guid(1e74a84bfb8cf67479d7dec4a5626a5b) Importer(815301076,1909f56bfc062723c751e8b465ee728b)
Start importing Assets/AllSkyFree/Cartoon Base BlueSky/Day_BlueSky_NothingSettings.lighting using Guid(1e74a84bfb8cf67479d7dec4a5626a5b) Importer(815301076,1909f56bfc062723c751e8b465ee728b) LightingSettings: switching bake backend from 1 to 0.
 -> (artifact id: '3a462d951fc47baa0c6d4f218680af98') in 0.001002 seconds
Number of updated asset objects reloaded before import = 0
Number of asset objects unloaded after import = 1
========================================================================
Received Import Request.
  Time since last request: 53.729227 seconds.
  path: Assets/Scenes/SampleScene.unity
  artifactKey: Guid(9fc0d4010bbf28b4594072e72b8655ab) Importer(815301076,1909f56bfc062723c751e8b465ee728b)
Start importing Assets/Scenes/SampleScene.unity using Guid(9fc0d4010bbf28b4594072e72b8655ab) Importer(815301076,1909f56bfc062723c751e8b465ee728b)  -> (artifact id: 'bf768be9f1dde8e6e99da72cf3778e01') in 0.000452 seconds
Number of updated asset objects reloaded before import = 0
Number of asset objects unloaded after import = 0
========================================================================
Received Import Request.
  Time since last request: 2.090327 seconds.
  path: Assets/Scenes/SampleScene_Profiles
  artifactKey: Guid(a25f8e04920aeb248b986e8cd342a9b9) Importer(815301076,1909f56bfc062723c751e8b465ee728b)
Start importing Assets/Scenes/SampleScene_Profiles using Guid(a25f8e04920aeb248b986e8cd342a9b9) Importer(815301076,1909f56bfc062723c751e8b465ee728b)  -> (artifact id: '0c0da57a043b3adbece4bd7de0ea857e') in 0.000502 seconds
Number of updated asset objects reloaded before import = 0
Number of asset objects unloaded after import = 0
========================================================================
Received Import Request.
  Time since last request: 4.960302 seconds.
  path: Assets/AllSkyFree/Cartoon Base NightSky
  artifactKey: Guid(edfd7568a47754e23b20068c1847c5fb) Importer(815301076,1909f56bfc062723c751e8b465ee728b)
Start importing Assets/AllSkyFree/Cartoon Base NightSky using Guid(edfd7568a47754e23b20068c1847c5fb) Importer(815301076,1909f56bfc062723c751e8b465ee728b)  -> (artifact id: '043633b4de8c6b4d918718a803c80835') in 0.000428 seconds
Number of updated asset objects reloaded before import = 0
Number of asset objects unloaded after import = 0
========================================================================
Received Import Request.
  Time since last request: 0.046172 seconds.
  path: Assets/AllSkyFree/Cartoon Base NightSky/Cartoon Base NightSky.mat
  artifactKey: Guid(aa78c8d403a8547fe86d1f74239e6b03) Importer(815301076,1909f56bfc062723c751e8b465ee728b)
Start importing Assets/AllSkyFree/Cartoon Base NightSky/Cartoon Base NightSky.mat using Guid(aa78c8d403a8547fe86d1f74239e6b03) Importer(815301076,1909f56bfc062723c751e8b465ee728b)  -> (artifact id: 'a37c386b4faa2eea3b5203ba0023c310') in 0.027812 seconds
Number of updated asset objects reloaded before import = 0
Number of asset objects unloaded after import = 7
========================================================================
Received Import Request.
  Time since last request: 0.000023 seconds.
  path: Assets/AllSkyFree/Cartoon Base NightSky/Cartoon Base NightSky Equirect.png
  artifactKey: Guid(7659947706e294d97a22faa1d4011724) Importer(815301076,1909f56bfc062723c751e8b465ee728b)
Start importing Assets/AllSkyFree/Cartoon Base NightSky/Cartoon Base NightSky Equirect.png using Guid(7659947706e294d97a22faa1d4011724) Importer(815301076,1909f56bfc062723c751e8b465ee728b)  -> (artifact id: '54de56e467b85b6b65401b7fdbdee637') in 0.348455 seconds
Number of updated asset objects reloaded before import = 0
Number of asset objects unloaded after import = 1
========================================================================
Received Import Request.
  Time since last request: 7.722492 seconds.
  path: Assets/AllSkyFree/Cold Sunset/Cold Sunset.mat
  artifactKey: Guid(2d796ced94d61438fbab81b194038162) Importer(815301076,1909f56bfc062723c751e8b465ee728b)
Start importing Assets/AllSkyFree/Cold Sunset/Cold Sunset.mat using Guid(2d796ced94d61438fbab81b194038162) Importer(815301076,1909f56bfc062723c751e8b465ee728b)  -> (artifact id: 'cdd6aa00f7d98e3861dcf7f8c14661eb') in 0.035697 seconds
Number of updated asset objects reloaded before import = 0
Number of asset objects unloaded after import = 7
========================================================================
Received Import Request.
  Time since last request: 0.000017 seconds.
  path: Assets/AllSkyFree/Epic_BlueSunset/Epic_BlueSunset Equirect.mat
  artifactKey: Guid(cdbb40e11399e4a17882ada20a1b896a) Importer(815301076,1909f56bfc062723c751e8b465ee728b)
Start importing Assets/AllSkyFree/Epic_BlueSunset/Epic_BlueSunset Equirect.mat using Guid(cdbb40e11399e4a17882ada20a1b896a) Importer(815301076,1909f56bfc062723c751e8b465ee728b)  -> (artifact id: '18c4ef400fd79827803cfc310d3ba49f') in 0.072812 seconds
Number of updated asset objects reloaded before import = 0
Number of asset objects unloaded after import = 2
========================================================================
Received Import Request.
  Time since last request: 0.000020 seconds.
  path: Assets/AllSkyFree/_AllSkyFreeDemoEnvironment/Materials/TreeTrunk.mat
  artifactKey: Guid(2f225ce8f2fae4ea3b08c9298a6f25e4) Importer(815301076,1909f56bfc062723c751e8b465ee728b)
Start importing Assets/AllSkyFree/_AllSkyFreeDemoEnvironment/Materials/TreeTrunk.mat using Guid(2f225ce8f2fae4ea3b08c9298a6f25e4) Importer(815301076,1909f56bfc062723c751e8b465ee728b)  -> (artifact id: '3990880ff3c8e6ceee662edcc1e1e5bf') in 0.036005 seconds
Number of updated asset objects reloaded before import = 0
Number of asset objects unloaded after import = 1
========================================================================
Received Import Request.
  Time since last request: 0.000039 seconds.
  path: Assets/AllSkyFree/Epic_GloriousPink/Epic_GloriousPink Equirect.mat
  artifactKey: Guid(fe4e130f9947345a2b213cb5038851a2) Importer(815301076,1909f56bfc062723c751e8b465ee728b)
Start importing Assets/AllSkyFree/Epic_GloriousPink/Epic_GloriousPink Equirect.mat using Guid(fe4e130f9947345a2b213cb5038851a2) Importer(815301076,1909f56bfc062723c751e8b465ee728b)  -> (artifact id: '86f2affa6ef4d2ce1d3b5f8467f1e198') in 0.043489 seconds
Number of updated asset objects reloaded before import = 0
Number of asset objects unloaded after import = 2
========================================================================
Received Import Request.
  Time since last request: 0.000025 seconds.
  path: Assets/AllSkyFree/_AllSkyFreeDemoEnvironment/Materials/rock.mat
  artifactKey: Guid(51dc696c8ce2945ce968026f5776ca52) Importer(815301076,1909f56bfc062723c751e8b465ee728b)
Start importing Assets/AllSkyFree/_AllSkyFreeDemoEnvironment/Materials/rock.mat using Guid(51dc696c8ce2945ce968026f5776ca52) Importer(815301076,1909f56bfc062723c751e8b465ee728b)  -> (artifact id: 'ddb0a161b75affeabde9afd8dbf9b66e') in 0.023354 seconds
Number of updated asset objects reloaded before import = 0
Number of asset objects unloaded after import = 1
========================================================================
Received Import Request.
  Time since last request: 0.000024 seconds.
  path: Assets/AllSkyFree/_AllSkyFreeDemoEnvironment/Materials/Landscape.mat
  artifactKey: Guid(1045d2cff7dde4d3ab5feb4f0dbc7f8f) Importer(815301076,1909f56bfc062723c751e8b465ee728b)
Start importing Assets/AllSkyFree/_AllSkyFreeDemoEnvironment/Materials/Landscape.mat using Guid(1045d2cff7dde4d3ab5feb4f0dbc7f8f) Importer(815301076,1909f56bfc062723c751e8b465ee728b)  -> (artifact id: 'd9e5a5554b8247025e053098e79e5b8f') in 0.014060 seconds
Number of updated asset objects reloaded before import = 0
Number of asset objects unloaded after import = 1
========================================================================
Received Import Request.
  Time since last request: 35.049868 seconds.
  path: Assets/AllSkyFree/_AllSkyFreeDemoEnvironment/Materials/AllSkyDemoEnv_FlagGreen.mat
  artifactKey: Guid(0acfc71c325c54b92add0b07097b6c57) Importer(815301076,1909f56bfc062723c751e8b465ee728b)
Start importing Assets/AllSkyFree/_AllSkyFreeDemoEnvironment/Materials/AllSkyDemoEnv_FlagGreen.mat using Guid(0acfc71c325c54b92add0b07097b6c57) Importer(815301076,1909f56bfc062723c751e8b465ee728b)  -> (artifact id: 'efe198d389b969df2e4c775e0a7a8083') in 0.013320 seconds
Number of updated asset objects reloaded before import = 0
Number of asset objects unloaded after import = 1
========================================================================
Received Import Request.
  Time since last request: 0.000024 seconds.
  path: Assets/AllSkyFree/_AllSkyFreeDemoEnvironment/Materials/AllSkyDemoEnv_TreeTrunk.mat
  artifactKey: Guid(52d55542834f2465eb9aed460fd370de) Importer(815301076,1909f56bfc062723c751e8b465ee728b)
Start importing Assets/AllSkyFree/_AllSkyFreeDemoEnvironment/Materials/AllSkyDemoEnv_TreeTrunk.mat using Guid(52d55542834f2465eb9aed460fd370de) Importer(815301076,1909f56bfc062723c751e8b465ee728b)  -> (artifact id: '976e8210195cddbadc1d1c26b7a5fcf0') in 0.024346 seconds
Number of updated asset objects reloaded before import = 0
Number of asset objects unloaded after import = 1
========================================================================
Received Import Request.
  Time since last request: 0.000016 seconds.
  path: Assets/AllSkyFree/_AllSkyFreeDemoEnvironment/Materials/AllSkyDemoEnv_MountainGlow.mat
  artifactKey: Guid(1d924399aa96d4378b9c507b7669a4f4) Importer(815301076,1909f56bfc062723c751e8b465ee728b)
Start importing Assets/AllSkyFree/_AllSkyFreeDemoEnvironment/Materials/AllSkyDemoEnv_MountainGlow.mat using Guid(1d924399aa96d4378b9c507b7669a4f4) Importer(815301076,1909f56bfc062723c751e8b465ee728b)  -> (artifact id: 'dd73154c93d3f371756fcdf1aa2cfa2a') in 0.040634 seconds
Number of updated asset objects reloaded before import = 0
Number of asset objects unloaded after import = 1
========================================================================
Received Import Request.
  Time since last request: 0.060854 seconds.
  path: Assets/AllSkyFree/Night MoonBurst/AllSky_Night_MoonBurst Equirect.mat
  artifactKey: Guid(51b74d7bad397457d883c5940f7664d8) Importer(815301076,1909f56bfc062723c751e8b465ee728b)
Start importing Assets/AllSkyFree/Night MoonBurst/AllSky_Night_MoonBurst Equirect.mat using Guid(51b74d7bad397457d883c5940f7664d8) Importer(815301076,1909f56bfc062723c751e8b465ee728b)  -> (artifact id: '3f12af16fde0f371b0d657dcf0f6ba77') in 0.069721 seconds
Number of updated asset objects reloaded before import = 0
Number of asset objects unloaded after import = 2
========================================================================
Received Import Request.
  Time since last request: 0.000027 seconds.
  path: Assets/AllSkyFree/Space_AnotherPlanet/AllSky_Space_AnotherPlanet.mat
  artifactKey: Guid(656058fe318eb48558d21d66d1a79a2b) Importer(815301076,1909f56bfc062723c751e8b465ee728b)
Start importing Assets/AllSkyFree/Space_AnotherPlanet/AllSky_Space_AnotherPlanet.mat using Guid(656058fe318eb48558d21d66d1a79a2b) Importer(815301076,1909f56bfc062723c751e8b465ee728b)  -> (artifact id: '91e931be7467a0a547a6ab9f981455e0') in 0.027819 seconds
Number of updated asset objects reloaded before import = 0
Number of asset objects unloaded after import = 7
========================================================================
Received Import Request.
  Time since last request: 0.000026 seconds.
  path: Assets/AllSkyFree/_AllSkyFreeDemoEnvironment/Materials/AllSkyDemoEnv_Building.mat
  artifactKey: Guid(4ecd3f24879b0402c92f21617e3db5e1) Importer(815301076,1909f56bfc062723c751e8b465ee728b)
Start importing Assets/AllSkyFree/_AllSkyFreeDemoEnvironment/Materials/AllSkyDemoEnv_Building.mat using Guid(4ecd3f24879b0402c92f21617e3db5e1) Importer(815301076,1909f56bfc062723c751e8b465ee728b)  -> (artifact id: '59a7756f3bc26a8745e9d06621116ed0') in 0.013400 seconds
Number of updated asset objects reloaded before import = 0
Number of asset objects unloaded after import = 1
========================================================================
Received Import Request.
  Time since last request: 529.086571 seconds.
  path: Assets/Models/Trassa (1)/Materials/Svet/New Material.mat
  artifactKey: Guid(0fe76380f8992c0459e0e3c0e09da3f6) Importer(815301076,1909f56bfc062723c751e8b465ee728b)
Start importing Assets/Models/Trassa (1)/Materials/Svet/New Material.mat using Guid(0fe76380f8992c0459e0e3c0e09da3f6) Importer(815301076,1909f56bfc062723c751e8b465ee728b)  -> (artifact id: 'efc53d2e96c5f84bd0899b7e9e7581db') in 0.046191 seconds
Number of updated asset objects reloaded before import = 0
Number of asset objects unloaded after import = 1
========================================================================
Received Import Request.
  Time since last request: 248.936148 seconds.
  path: Assets/Models/Trassa (1)/Materials/Svet
  artifactKey: Guid(ec8664e25d4688944b3ac2784b1b32ba) Importer(815301076,1909f56bfc062723c751e8b465ee728b)
Start importing Assets/Models/Trassa (1)/Materials/Svet using Guid(ec8664e25d4688944b3ac2784b1b32ba) Importer(815301076,1909f56bfc062723c751e8b465ee728b)  -> (artifact id: '058460c51647f8fea66e0a2fbdfc18b5') in 0.000459 seconds
Number of updated asset objects reloaded before import = 0
Number of asset objects unloaded after import = 0
========================================================================
Received Import Request.
  Time since last request: 15.169799 seconds.
  path: Assets/Models/Trassa (1)/Materials/Svet/New Material.mat
  artifactKey: Guid(0fe76380f8992c0459e0e3c0e09da3f6) Importer(815301076,1909f56bfc062723c751e8b465ee728b)
Start importing Assets/Models/Trassa (1)/Materials/Svet/New Material.mat using Guid(0fe76380f8992c0459e0e3c0e09da3f6) Importer(815301076,1909f56bfc062723c751e8b465ee728b)  -> (artifact id: '15bec5c8787dc3b124e623fe38b6bc66') in 0.012575 seconds
Number of updated asset objects reloaded before import = 0
Number of asset objects unloaded after import = 1
========================================================================
Received Import Request.
  Time since last request: 23.370161 seconds.
  path: Assets/Models/Trassa (1)/Materials/Svet/New Post-processing Profile.asset
  artifactKey: Guid(75bcdfce956f1f84eb07e86d16ac8d7c) Importer(815301076,1909f56bfc062723c751e8b465ee728b)
Start importing Assets/Models/Trassa (1)/Materials/Svet/New Post-processing Profile.asset using Guid(75bcdfce956f1f84eb07e86d16ac8d7c) Importer(815301076,1909f56bfc062723c751e8b465ee728b)  -> (artifact id: '7ec252b0baae8a0727ad15371f70e14f') in 0.006357 seconds
Number of updated asset objects reloaded before import = 0
Number of asset objects unloaded after import = 2
========================================================================
Received Import Request.
  Time since last request: 143.540352 seconds.
  path: Assets/Scenes/SampleScene_Profiles/Camera Profile.asset
  artifactKey: Guid(36a4d7938095d0f4dbb3de72ed71e738) Importer(815301076,1909f56bfc062723c751e8b465ee728b)
Start importing Assets/Scenes/SampleScene_Profiles/Camera Profile.asset using Guid(36a4d7938095d0f4dbb3de72ed71e738) Importer(815301076,1909f56bfc062723c751e8b465ee728b)  -> (artifact id: '9831ec6e0341c8b5efb1becb58117793') in 0.001068 seconds
Number of updated asset objects reloaded before import = 0
Number of asset objects unloaded after import = 1
========================================================================
Received Import Request.
  Time since last request: 58.367303 seconds.
  path: ProjectSettings/TagManager.asset
  artifactKey: Guid(00000000000000003000000000000000) Importer(815301076,1909f56bfc062723c751e8b465ee728b)
Start importing ProjectSettings/TagManager.asset using Guid(00000000000000003000000000000000) Importer(815301076,1909f56bfc062723c751e8b465ee728b)  -> (artifact id: '69a298ad93f998716fa268046728412d') in 0.000753 seconds
Number of updated asset objects reloaded before import = 0
Number of asset objects unloaded after import = 0
========================================================================
Received Import Request.
  Time since last request: 645.848113 seconds.
  path: Assets/Models/prepatstvia.fbx
  artifactKey: Guid(eff534b135352cd4e88ff20aed58314c) Importer(815301076,1909f56bfc062723c751e8b465ee728b)
Start importing Assets/Models/prepatstvia.fbx using Guid(eff534b135352cd4e88ff20aed58314c) Importer(815301076,1909f56bfc062723c751e8b465ee728b)  -> (artifact id: '1797f79c168352bfcaa5693688508b4c') in 0.135273 seconds
Number of updated asset objects reloaded before import = 0
Number of asset objects unloaded after import = 54
========================================================================
Received Import Request.
  Time since last request: 12.388315 seconds.
  path: Assets/Models/prepatstvia
  artifactKey: Guid(99b6e6af4c6bc654b8a4778fd3fef0d2) Importer(815301076,1909f56bfc062723c751e8b465ee728b)
Start importing Assets/Models/prepatstvia using Guid(99b6e6af4c6bc654b8a4778fd3fef0d2) Importer(815301076,1909f56bfc062723c751e8b465ee728b)  -> (artifact id: '6cfdd4237e5499fc1978e9ed964fe3a1') in 0.000570 seconds
Number of updated asset objects reloaded before import = 0
Number of asset objects unloaded after import = 0
========================================================================
Received Import Request.
  Time since last request: 8.448788 seconds.
  path: Assets/Models/prepatstvia/Model
  artifactKey: Guid(e2f35300fbfeba94faae8313595326e6) Importer(815301076,1909f56bfc062723c751e8b465ee728b)
Start importing Assets/Models/prepatstvia/Model using Guid(e2f35300fbfeba94faae8313595326e6) Importer(815301076,1909f56bfc062723c751e8b465ee728b)  -> (artifact id: '539f615a5270ad888f5710eb700c5d62') in 0.000437 seconds
Number of updated asset objects reloaded before import = 0
Number of asset objects unloaded after import = 0
========================================================================
Received Import Request.
  Time since last request: 260.543872 seconds.
  path: Assets/Models/Trassa (1)/Materials/Svet/New Material 1.mat
  artifactKey: Guid(684b34d3f4ec8b7458a841ee893f58f3) Importer(815301076,1909f56bfc062723c751e8b465ee728b)
Start importing Assets/Models/Trassa (1)/Materials/Svet/New Material 1.mat using Guid(684b34d3f4ec8b7458a841ee893f58f3) Importer(815301076,1909f56bfc062723c751e8b465ee728b)  -> (artifact id: 'b3d65d54ef16c0a248fe635ca5f3ebf7') in 0.021544 seconds
Number of updated asset objects reloaded before import = 0
Number of asset objects unloaded after import = 1
========================================================================
Received Import Request.
  Time since last request: 508.434219 seconds.
  path: Assets/Models/prepatstvia/Materials
  artifactKey: Guid(075319aece6a0174cb93378c1c6f4998) Importer(815301076,1909f56bfc062723c751e8b465ee728b)
Start importing Assets/Models/prepatstvia/Materials using Guid(075319aece6a0174cb93378c1c6f4998) Importer(815301076,1909f56bfc062723c751e8b465ee728b)  -> (artifact id: 'c9a7795dd84c674b2ea5a6bacc8ab2e1') in 0.000576 seconds
Number of updated asset objects reloaded before import = 0
Number of asset objects unloaded after import = 0
========================================================================
Received Import Request.
  Time since last request: 20.616082 seconds.
  path: Assets/Models/prepatstvia/Materials/New Material.mat
  artifactKey: Guid(2031c72b8356d11499c3a81e7784eb31) Importer(815301076,1909f56bfc062723c751e8b465ee728b)
Start importing Assets/Models/prepatstvia/Materials/New Material.mat using Guid(2031c72b8356d11499c3a81e7784eb31) Importer(815301076,1909f56bfc062723c751e8b465ee728b)  -> (artifact id: '6212afa468fc9f9ca44f91fcef721dcb') in 0.013259 seconds
Number of updated asset objects reloaded before import = 0
Number of asset objects unloaded after import = 1
========================================================================
Received Import Request.
  Time since last request: 166.743266 seconds.
  path: Assets/Models/prepatstvia/Materials/New Material 1.mat
  artifactKey: Guid(afce575a91e0167428befd7a501824eb) Importer(815301076,1909f56bfc062723c751e8b465ee728b)
Start importing Assets/Models/prepatstvia/Materials/New Material 1.mat using Guid(afce575a91e0167428befd7a501824eb) Importer(815301076,1909f56bfc062723c751e8b465ee728b)  -> (artifact id: 'e4da5effdb310bbe461488e128a3b0c6') in 0.032636 seconds
Number of updated asset objects reloaded before import = 0
Number of asset objects unloaded after import = 1
========================================================================
Received Import Request.
  Time since last request: 197.786940 seconds.
  path: Assets/Models/kopter/Materials
  artifactKey: Guid(49a5815863273214c9b512582cbe6bd8) Importer(815301076,1909f56bfc062723c751e8b465ee728b)
Start importing Assets/Models/kopter/Materials using Guid(49a5815863273214c9b512582cbe6bd8) Importer(815301076,1909f56bfc062723c751e8b465ee728b)  -> (artifact id: '19818f2fa963d55e6d118cb06c0015e5') in 0.000484 seconds
Number of updated asset objects reloaded before import = 0
Number of asset objects unloaded after import = 0
========================================================================
Received Import Request.
  Time since last request: 4.564880 seconds.
  path: Assets/Models/kopter/Materials/New Material.mat
  artifactKey: Guid(8ef5f2942dc0be346b116bc190b6a596) Importer(815301076,1909f56bfc062723c751e8b465ee728b)
Start importing Assets/Models/kopter/Materials/New Material.mat using Guid(8ef5f2942dc0be346b116bc190b6a596) Importer(815301076,1909f56bfc062723c751e8b465ee728b)  -> (artifact id: '233429f30a65eaca75e9c4d95c1514fd') in 0.013180 seconds
Number of updated asset objects reloaded before import = 0
Number of asset objects unloaded after import = 1
========================================================================
Received Import Request.
  Time since last request: 266.857726 seconds.
  path: Assets/Models/kopter/Materials/DefaultMaterial_Base_Color.png
  artifactKey: Guid(ef04f125b65385a49aedda4d7636e8dd) Importer(815301076,1909f56bfc062723c751e8b465ee728b)
Start importing Assets/Models/kopter/Materials/DefaultMaterial_Base_Color.png using Guid(ef04f125b65385a49aedda4d7636e8dd) Importer(815301076,1909f56bfc062723c751e8b465ee728b)  -> (artifact id: 'dd9e8e7b84d6ce2bf8132df61531a681') in 0.025463 seconds
Number of updated asset objects reloaded before import = 0
Number of asset objects unloaded after import = 2
========================================================================
Received Import Request.
  Time since last request: 69.781408 seconds.
  path: Assets/Models/kopter/Materials/DefaultMaterial_Base_Color 1.png
  artifactKey: Guid(0abe669a8208512438d4222229d9525d) Importer(815301076,1909f56bfc062723c751e8b465ee728b)
Start importing Assets/Models/kopter/Materials/DefaultMaterial_Base_Color 1.png using Guid(0abe669a8208512438d4222229d9525d) Importer(815301076,1909f56bfc062723c751e8b465ee728b)  -> (artifact id: '2dc7131d6be525eb095e131d6546efc4') in 0.025724 seconds
Number of updated asset objects reloaded before import = 0
Number of asset objects unloaded after import = 2
========================================================================
Received Import Request.
  Time since last request: 5.465855 seconds.
  path: Assets/Models/kopter/Materials/New Material 1.mat
  artifactKey: Guid(dfc205f807e60454fb1bf78d76b428dc) Importer(815301076,1909f56bfc062723c751e8b465ee728b)
Start importing Assets/Models/kopter/Materials/New Material 1.mat using Guid(dfc205f807e60454fb1bf78d76b428dc) Importer(815301076,1909f56bfc062723c751e8b465ee728b)  -> (artifact id: '7c096b795ff9bd069982c760b0ab34d9') in 0.013580 seconds
Number of updated asset objects reloaded before import = 0
Number of asset objects unloaded after import = 1
========================================================================
Received Import Request.
  Time since last request: 9.908740 seconds.
  path: Assets/Models/kopter/Materials/New Material 2.mat
  artifactKey: Guid(18e5bb731b2a6fa4b867229746b2ca22) Importer(815301076,1909f56bfc062723c751e8b465ee728b)
Start importing Assets/Models/kopter/Materials/New Material 2.mat using Guid(18e5bb731b2a6fa4b867229746b2ca22) Importer(815301076,1909f56bfc062723c751e8b465ee728b)  -> (artifact id: '4df3c7dd83a505f80ca99402ea121a5d') in 0.014040 seconds
Number of updated asset objects reloaded before import = 0
Number of asset objects unloaded after import = 1
========================================================================
Received Import Request.
  Time since last request: 12.569799 seconds.
  path: Assets/Models/kopter/Materials/DefaultMaterial_Base_Color 2.png
  artifactKey: Guid(d6d038fa1786f164ca8536c48ce8e60d) Importer(815301076,1909f56bfc062723c751e8b465ee728b)
Start importing Assets/Models/kopter/Materials/DefaultMaterial_Base_Color 2.png using Guid(d6d038fa1786f164ca8536c48ce8e60d) Importer(815301076,1909f56bfc062723c751e8b465ee728b)  -> (artifact id: '7b2f6db26836893f6f408037c9bc226f') in 0.019918 seconds
Number of updated asset objects reloaded before import = 0
Number of asset objects unloaded after import = 2
========================================================================
Received Import Request.
  Time since last request: 17.636457 seconds.
  path: Assets/Models/kopter/Materials/New Material 3.mat
  artifactKey: Guid(260c6511077ddd94d80bfc56a8645f8c) Importer(815301076,1909f56bfc062723c751e8b465ee728b)
Start importing Assets/Models/kopter/Materials/New Material 3.mat using Guid(260c6511077ddd94d80bfc56a8645f8c) Importer(815301076,1909f56bfc062723c751e8b465ee728b)  -> (artifact id: '8f2fa239ba268315975c7258e8f921a1') in 0.013871 seconds
Number of updated asset objects reloaded before import = 0
Number of asset objects unloaded after import = 1
========================================================================
Received Import Request.
  Time since last request: 14.922209 seconds.
  path: Assets/Models/kopter/Materials/DefaultMaterial_Base_Color 3.png
  artifactKey: Guid(d8c0ed6f27246fb45961ba94da4f4be7) Importer(815301076,1909f56bfc062723c751e8b465ee728b)
Start importing Assets/Models/kopter/Materials/DefaultMaterial_Base_Color 3.png using Guid(d8c0ed6f27246fb45961ba94da4f4be7) Importer(815301076,1909f56bfc062723c751e8b465ee728b)  -> (artifact id: '003fd299a7ca54418aa73c3e0bab08b2') in 0.018022 seconds
Number of updated asset objects reloaded before import = 0
Number of asset objects unloaded after import = 2
========================================================================
Received Import Request.
  Time since last request: 37.054418 seconds.
  path: Assets/Models/kopter/Materials/New Material 4.mat
  artifactKey: Guid(21d0d9729e50826498353277812f79f9) Importer(815301076,1909f56bfc062723c751e8b465ee728b)
Start importing Assets/Models/kopter/Materials/New Material 4.mat using Guid(21d0d9729e50826498353277812f79f9) Importer(815301076,1909f56bfc062723c751e8b465ee728b)  -> (artifact id: 'd2a80293775acbd870849841e9816fd9') in 0.021529 seconds
Number of updated asset objects reloaded before import = 0
Number of asset objects unloaded after import = 1
========================================================================
Received Import Request.
  Time since last request: 6.645714 seconds.
  path: Assets/Models/kopter/Materials/DefaultMaterial_Base_Color 4.png
  artifactKey: Guid(f0d54eefffd0b694bb3607f185804b80) Importer(815301076,1909f56bfc062723c751e8b465ee728b)
Start importing Assets/Models/kopter/Materials/DefaultMaterial_Base_Color 4.png using Guid(f0d54eefffd0b694bb3607f185804b80) Importer(815301076,1909f56bfc062723c751e8b465ee728b)  -> (artifact id: 'b17f78b603dcefca4427d4c25ea86fea') in 0.015601 seconds
Number of updated asset objects reloaded before import = 0
Number of asset objects unloaded after import = 2
========================================================================
Received Import Request.
  Time since last request: 12.274384 seconds.
  path: Assets/Models/kopter/Materials/New Material 5.mat
  artifactKey: Guid(75d8fcdf8acf7f6418a3041ea3bebe4f) Importer(815301076,1909f56bfc062723c751e8b465ee728b)
Start importing Assets/Models/kopter/Materials/New Material 5.mat using Guid(75d8fcdf8acf7f6418a3041ea3bebe4f) Importer(815301076,1909f56bfc062723c751e8b465ee728b)  -> (artifact id: 'c037a17538fed83d68a5b30db2d12bfa') in 0.012909 seconds
Number of updated asset objects reloaded before import = 0
Number of asset objects unloaded after import = 1
========================================================================
Received Import Request.
  Time since last request: 9.310992 seconds.
  path: Assets/Models/kopter/Materials/DefaultMaterial_Base_Color 5.png
  artifactKey: Guid(2ba4debf0b2e8ed4591472cbc3e06b67) Importer(815301076,1909f56bfc062723c751e8b465ee728b)
Start importing Assets/Models/kopter/Materials/DefaultMaterial_Base_Color 5.png using Guid(2ba4debf0b2e8ed4591472cbc3e06b67) Importer(815301076,1909f56bfc062723c751e8b465ee728b)  -> (artifact id: '9b3be183d17682901b80308f6786ab75') in 0.014562 seconds
Number of updated asset objects reloaded before import = 0
Number of asset objects unloaded after import = 2
========================================================================
Received Import Request.
  Time since last request: 33.585018 seconds.
  path: Assets/Models/kopter/Materials/DefaultMaterial_Base_Color 5.png
  artifactKey: Guid(2ba4debf0b2e8ed4591472cbc3e06b67) Importer(815301076,1909f56bfc062723c751e8b465ee728b)
Start importing Assets/Models/kopter/Materials/DefaultMaterial_Base_Color 5.png using Guid(2ba4debf0b2e8ed4591472cbc3e06b67) Importer(815301076,1909f56bfc062723c751e8b465ee728b)  -> (artifact id: 'ded86f9d4ef48bd3d394258ba2cd695f') in 0.007882 seconds
Number of updated asset objects reloaded before import = 0
Number of asset objects unloaded after import = 2
========================================================================
Received Import Request.
  Time since last request: 19.187396 seconds.
  path: Assets/Models/kopter/Materials/New Material 6.mat
  artifactKey: Guid(f4eac0d0858c2e641a4636218c45d5b4) Importer(815301076,1909f56bfc062723c751e8b465ee728b)
Start importing Assets/Models/kopter/Materials/New Material 6.mat using Guid(f4eac0d0858c2e641a4636218c45d5b4) Importer(815301076,1909f56bfc062723c751e8b465ee728b)  -> (artifact id: 'a938fc5b97cf2d268f05aab91123cb9c') in 0.013033 seconds
Number of updated asset objects reloaded before import = 0
Number of asset objects unloaded after import = 1
========================================================================
Received Import Request.
  Time since last request: 6.150439 seconds.
  path: Assets/Models/kopter/Materials/DefaultMaterial_Base_Color 6.png
  artifactKey: Guid(89a5c0924be314041bbbbe3dd8d103c3) Importer(815301076,1909f56bfc062723c751e8b465ee728b)
Start importing Assets/Models/kopter/Materials/DefaultMaterial_Base_Color 6.png using Guid(89a5c0924be314041bbbbe3dd8d103c3) Importer(815301076,1909f56bfc062723c751e8b465ee728b)  -> (artifact id: 'af1f6130b2b96b486c36935a1a2bc55d') in 0.009187 seconds
Number of updated asset objects reloaded before import = 0
Number of asset objects unloaded after import = 2
========================================================================
Received Import Request.
  Time since last request: 21.343456 seconds.
  path: Assets/Models/kopter/Materials/New Material 7.mat
  artifactKey: Guid(c2058839c3c651a44b47fe17456e06bf) Importer(815301076,1909f56bfc062723c751e8b465ee728b)
Start importing Assets/Models/kopter/Materials/New Material 7.mat using Guid(c2058839c3c651a44b47fe17456e06bf) Importer(815301076,1909f56bfc062723c751e8b465ee728b)  -> (artifact id: 'e9cfb8a0f4b26e7237b1fa3f243f4638') in 0.025381 seconds
Number of updated asset objects reloaded before import = 0
Number of asset objects unloaded after import = 1
========================================================================
Received Import Request.
  Time since last request: 7.605803 seconds.
  path: Assets/Models/kopter/Materials/DefaultMaterial_Base_Color 7.png
  artifactKey: Guid(199241408d9e7c346a9fff67cafe85de) Importer(815301076,1909f56bfc062723c751e8b465ee728b)
Start importing Assets/Models/kopter/Materials/DefaultMaterial_Base_Color 7.png using Guid(199241408d9e7c346a9fff67cafe85de) Importer(815301076,1909f56bfc062723c751e8b465ee728b)  -> (artifact id: 'a2b5f387b154750042c855452a1f47af') in 0.009331 seconds
Number of updated asset objects reloaded before import = 0
Number of asset objects unloaded after import = 2
========================================================================
Received Import Request.
  Time since last request: 30.019416 seconds.
  path: Assets/Models/kopter/Materials/New Material 8.mat
  artifactKey: Guid(c8b9099e15c7ec64abcff51dc17ce6e5) Importer(815301076,1909f56bfc062723c751e8b465ee728b)
Start importing Assets/Models/kopter/Materials/New Material 8.mat using Guid(c8b9099e15c7ec64abcff51dc17ce6e5) Importer(815301076,1909f56bfc062723c751e8b465ee728b)  -> (artifact id: '2a3a80cd8fa2eefa9b5f2be84733d87c') in 0.012911 seconds
Number of updated asset objects reloaded before import = 0
Number of asset objects unloaded after import = 1
========================================================================
Received Import Request.
  Time since last request: 10.437723 seconds.
  path: Assets/Models/kopter/Materials/DefaultMaterial_Base_Color 8.png
  artifactKey: Guid(3efc5158252248d4085d880ac32f6827) Importer(815301076,1909f56bfc062723c751e8b465ee728b)
Start importing Assets/Models/kopter/Materials/DefaultMaterial_Base_Color 8.png using Guid(3efc5158252248d4085d880ac32f6827) Importer(815301076,1909f56bfc062723c751e8b465ee728b)  -> (artifact id: 'c2cf24f59dbcfe3e02eb916c0144099a') in 0.014294 seconds
Number of updated asset objects reloaded before import = 0
Number of asset objects unloaded after import = 2
========================================================================
Received Import Request.
  Time since last request: 50.923377 seconds.
  path: Assets/Models/kopter/Materials/DefaultMaterial_Base_Color 8.png
  artifactKey: Guid(3efc5158252248d4085d880ac32f6827) Importer(815301076,1909f56bfc062723c751e8b465ee728b)
Start importing Assets/Models/kopter/Materials/DefaultMaterial_Base_Color 8.png using Guid(3efc5158252248d4085d880ac32f6827) Importer(815301076,1909f56bfc062723c751e8b465ee728b)  -> (artifact id: 'b65fcd990f618a9a6c31e73d17eb3a85') in 0.008799 seconds
Number of updated asset objects reloaded before import = 0
Number of asset objects unloaded after import = 2
========================================================================
Received Import Request.
  Time since last request: 56.118519 seconds.
  path: Assets/Models/kopter/Materials/DefaultMaterial_Base_Color 9.png
  artifactKey: Guid(08364826aa28f7c45936ba5d0882b8ac) Importer(815301076,1909f56bfc062723c751e8b465ee728b)
Start importing Assets/Models/kopter/Materials/DefaultMaterial_Base_Color 9.png using Guid(08364826aa28f7c45936ba5d0882b8ac) Importer(815301076,1909f56bfc062723c751e8b465ee728b)  -> (artifact id: '9ce8f778d54bf5f91e2556fa470ca97f') in 0.024330 seconds
Number of updated asset objects reloaded before import = 0
Number of asset objects unloaded after import = 2
========================================================================
Received Import Request.
  Time since last request: 27.582673 seconds.
  path: Assets/Models/kopter/Materials/New Material 9.mat
  artifactKey: Guid(9b84e6e8a2784db4384052aadda18713) Importer(815301076,1909f56bfc062723c751e8b465ee728b)
Start importing Assets/Models/kopter/Materials/New Material 9.mat using Guid(9b84e6e8a2784db4384052aadda18713) Importer(815301076,1909f56bfc062723c751e8b465ee728b)  -> (artifact id: 'f40bd3650ab8e039494fb491c698dcc7') in 0.013510 seconds
Number of updated asset objects reloaded before import = 0
Number of asset objects unloaded after import = 1
========================================================================
Received Import Request.
  Time since last request: 17.164627 seconds.
  path: Assets/Models/kopter/Materials/DefaultMaterial_Base_Color 10.png
  artifactKey: Guid(c6fd37e7e00f968468446415cf97372c) Importer(815301076,1909f56bfc062723c751e8b465ee728b)
Start importing Assets/Models/kopter/Materials/DefaultMaterial_Base_Color 10.png using Guid(c6fd37e7e00f968468446415cf97372c) Importer(815301076,1909f56bfc062723c751e8b465ee728b)  -> (artifact id: '188363e1f194c1d074f6c32bb135e3fd') in 0.007376 seconds
Number of updated asset objects reloaded before import = 0
Number of asset objects unloaded after import = 2
========================================================================
Received Import Request.
  Time since last request: 306.868805 seconds.
  path: Assets/Models/Frame 5.png
  artifactKey: Guid(da3bfbd9111401a43befe07f7f68c495) Importer(815301076,1909f56bfc062723c751e8b465ee728b)
Start importing Assets/Models/Frame 5.png using Guid(da3bfbd9111401a43befe07f7f68c495) Importer(815301076,1909f56bfc062723c751e8b465ee728b)  -> (artifact id: 'caecd4661f55eca56e92d3a02fc94ab2') in 0.016861 seconds
Number of updated asset objects reloaded before import = 0
Number of asset objects unloaded after import = 2
========================================================================
Received Import Request.
  Time since last request: 91.250681 seconds.
  path: Assets/Frame 5.png
  artifactKey: Guid(691f47f2a7ae84e48b38a449bae92c0e) Importer(815301076,1909f56bfc062723c751e8b465ee728b)
Start importing Assets/Frame 5.png using Guid(691f47f2a7ae84e48b38a449bae92c0e) Importer(815301076,1909f56bfc062723c751e8b465ee728b)  -> (artifact id: '63a356cef4149a92dde097211d667a43') in 0.019784 seconds
Number of updated asset objects reloaded before import = 0
Number of asset objects unloaded after import = 2
========================================================================
Received Import Request.
  Time since last request: 16.098909 seconds.
  path: Assets/Frame 5.png
  artifactKey: Guid(691f47f2a7ae84e48b38a449bae92c0e) Importer(815301076,1909f56bfc062723c751e8b465ee728b)
Start importing Assets/Frame 5.png using Guid(691f47f2a7ae84e48b38a449bae92c0e) Importer(815301076,1909f56bfc062723c751e8b465ee728b)  -> (artifact id: '7ac94c74183e703c78af3f7716ca9810') in 0.044903 seconds
Number of updated asset objects reloaded before import = 0
Number of asset objects unloaded after import = 3
========================================================================
Received Import Request.
  Time since last request: 158.015453 seconds.
  path: Assets/Models/Trassa (1)/Materials/Svet/New Material.mat
  artifactKey: Guid(0fe76380f8992c0459e0e3c0e09da3f6) Importer(815301076,1909f56bfc062723c751e8b465ee728b)
Start importing Assets/Models/Trassa (1)/Materials/Svet/New Material.mat using Guid(0fe76380f8992c0459e0e3c0e09da3f6) Importer(815301076,1909f56bfc062723c751e8b465ee728b)  -> (artifact id: '39020adbf450422b51f34b9d226774a6') in 0.015793 seconds
Number of updated asset objects reloaded before import = 0
Number of asset objects unloaded after import = 1
========================================================================
Received Import Request.
  Time since last request: 0.000022 seconds.
  path: Assets/Models/Trassa (1)/Materials/Svet/New Post-processing Profile.asset
  artifactKey: Guid(75bcdfce956f1f84eb07e86d16ac8d7c) Importer(815301076,1909f56bfc062723c751e8b465ee728b)
Start importing Assets/Models/Trassa (1)/Materials/Svet/New Post-processing Profile.asset using Guid(75bcdfce956f1f84eb07e86d16ac8d7c) Importer(815301076,1909f56bfc062723c751e8b465ee728b)  -> (artifact id: '1dd47721fe22686d0e89590bbbd21499') in 0.001004 seconds
Number of updated asset objects reloaded before import = 0
Number of asset objects unloaded after import = 2
